<?xml version="1.0" encoding="utf-8"?><testsuites><testsuite name="pytest" errors="0" failures="0" skipped="0" tests="8" time="0.276" timestamp="2023-07-27T21:25:04.655186" hostname="WIN-CSKMD8O2R9H"><testcase classname="tests.test_accum" name="test_accumulator_init" time="0.005" /><testcase classname="tests.test_accum" name="test_accumulator_add_one" time="0.004" /><testcase classname="tests.test_accum" name="test_accumulator_add_three" time="0.005" /><testcase classname="tests.test_accum" name="test_accumulator_add_twice" time="0.004" /><testcase classname="tests.test_accum" name="test_accumulator_cannot_set_count_directly" time="0.005" /><testcase classname="tests.test_math" name="test_one_plus_one" time="0.004" /><testcase classname="tests.test_math" name="test_one_plus_two" time="0.004" /><testcase classname="tests.test_math" name="test_divide_by_zero" time="0.004" /></testsuite></testsuites>